<?xml version="1.0" encoding="UTF-8"?>
<testsuite xmlns:xsi="http://www.w3.org/2001/XMLSchema-instance" xsi:noNamespaceSchemaLocation="https://maven.apache.org/surefire/maven-surefire-plugin/xsd/surefire-test-report-3.0.xsd" version="3.0" name="checkBoxExample" time="0.011" tests="0" errors="0" skipped="0" failures="0">
  <properties>
    <property name="java.specification.version" value="22"/>
    <property name="sun.cpu.isalist" value="amd64"/>
    <property name="sun.jnu.encoding" value="Cp1252"/>
    <property name="java.class.path" value="C:\Users\Asus GK\Documents\Folder Kuliah\Folder Semester 5\Aslab\GUI\JavaSwing\target\test-classes;C:\Users\Asus GK\Documents\Folder Kuliah\Folder Semester 5\Aslab\GUI\JavaSwing\target\classes;"/>
    <property name="java.vm.vendor" value="Oracle Corporation"/>
    <property name="sun.arch.data.model" value="64"/>
    <property name="user.variant" value=""/>
    <property name="java.vendor.url" value="https://java.oracle.com/"/>
    <property name="user.timezone" value="Asia/Makassar"/>
    <property name="os.name" value="Windows 11"/>
    <property name="java.vm.specification.version" value="22"/>
    <property name="user.country" value="US"/>
    <property name="sun.java.launcher" value="SUN_STANDARD"/>
    <property name="sun.boot.library.path" value="C:\Program Files\Java\jdk-22\bin"/>
    <property name="sun.java.command" value="C:\Users\Asus GK\AppData\Local\Temp\surefire16215403211788258985\surefirebooter-20250831153930834_3.jar C:\Users\Asus GK\AppData\Local\Temp\surefire16215403211788258985 2025-08-31T15-39-29_059-jvmRun1 surefire-20250831153930834_1tmp surefire_0-20250831153930834_2tmp"/>
    <property name="jdk.debug" value="release"/>
    <property name="test" value="checkBoxExample"/>
    <property name="surefire.test.class.path" value="C:\Users\Asus GK\Documents\Folder Kuliah\Folder Semester 5\Aslab\GUI\JavaSwing\target\test-classes;C:\Users\Asus GK\Documents\Folder Kuliah\Folder Semester 5\Aslab\GUI\JavaSwing\target\classes;"/>
    <property name="sun.cpu.endian" value="little"/>
    <property name="user.home" value="C:\Users\Asus GK"/>
    <property name="user.language" value="en"/>
    <property name="java.specification.vendor" value="Oracle Corporation"/>
    <property name="java.version.date" value="2024-07-16"/>
    <property name="java.home" value="C:\Program Files\Java\jdk-22"/>
    <property name="file.separator" value="\"/>
    <property name="basedir" value="C:\Users\Asus GK\Documents\Folder Kuliah\Folder Semester 5\Aslab\GUI\JavaSwing"/>
    <property name="java.vm.compressedOopsMode" value="Zero based"/>
    <property name="line.separator" value="&#10;"/>
    <property name="java.vm.specification.vendor" value="Oracle Corporation"/>
    <property name="java.specification.name" value="Java Platform API Specification"/>
    <property name="surefire.real.class.path" value="C:\Users\Asus GK\AppData\Local\Temp\surefire16215403211788258985\surefirebooter-20250831153930834_3.jar"/>
    <property name="user.script" value=""/>
    <property name="sun.management.compiler" value="HotSpot 64-Bit Tiered Compilers"/>
    <property name="java.runtime.version" value="22.0.2+9-70"/>
    <property name="user.name" value="Asus GK"/>
    <property name="stdout.encoding" value="Cp1252"/>
    <property name="path.separator" value=";"/>
    <property name="os.version" value="10.0"/>
    <property name="java.runtime.name" value="Java(TM) SE Runtime Environment"/>
    <property name="file.encoding" value="UTF-8"/>
    <property name="java.vm.name" value="Java HotSpot(TM) 64-Bit Server VM"/>
    <property name="maven.ext.class.path" value="C:\Users\Asus GK\Documents\netbeans\java\maven-nblib\netbeans-eventspy.jar"/>
    <property name="localRepository" value="C:\Users\Asus GK\.m2\repository"/>
    <property name="java.vendor.url.bug" value="https://bugreport.java.com/bugreport/"/>
    <property name="java.io.tmpdir" value="C:\Users\ASUSGK~1\AppData\Local\Temp\"/>
    <property name="java.version" value="22.0.2"/>
    <property name="user.dir" value="C:\Users\Asus GK\Documents\Folder Kuliah\Folder Semester 5\Aslab\GUI\JavaSwing"/>
    <property name="os.arch" value="amd64"/>
    <property name="java.vm.specification.name" value="Java Virtual Machine Specification"/>
    <property name="sun.os.patch.level" value=""/>
    <property name="native.encoding" value="Cp1252"/>
    <property name="java.library.path" value="C:\Program Files\Java\jdk-22\bin;C:\WINDOWS\Sun\Java\bin;C:\WINDOWS\system32;C:\WINDOWS;C:\Program Files\Eclipse Adoptium\jdk-17.0.16.8-hotspot\bin;C:\Program Files (x86)\NVIDIA Corporation\PhysX\Common;C:\Python313\Scripts\;C:\Python313\;C:\Program Files\Common Files\Oracle\Java\javapath;C:\WINDOWS\system32;C:\WINDOWS;C:\WINDOWS\System32\Wbem;C:\WINDOWS\System32\WindowsPowerShell\v1.0\;C:\WINDOWS\System32\OpenSSH\;C:\Program Files\Git\cmd;C:\Program Files\dotnet\;C:\gradle-8.10.1\bin;C:\Users\Asus GK\Downloads\exiftool-13.27_64\exiftool-13.27_64;C:\Users\Asus GK\AppData\Local\Android\Sdk\platform-tools;C:\Program Files\nodejs\;C:\ProgramData\chocolatey\bin;C:\Program Files\Android\Android Studio\jbr\bin;C:\Program Files (x86)\Windows Kits\10\Windows Performance Toolkit\;C:\Users\Asus GK\AppData\Local\Programs\Eclipse Adoptium\jdk-21.0.6.7-hotspot\bin;C:\Program Files\steghide;C:\Users\Asus GK\AppData\Local\Programs\Python\Python311\Scripts\;C:\Users\Asus GK\AppData\Local\Programs\Python\Python311\;C:\Users\Asus GK\AppData\Local\Microsoft\WindowsApps;C:\Users\Asus GK\AppData\Local\Programs\Microsoft VS Code\bin;C:\Users\Asus GK\Documents\Folder Kuliah\Semester 3\Pemrograman Perangkat Bergerak\flutter\bin;C:\flutter\src\flutter\bin;C:\Users\Asus GK\AppData\Local\Microsoft\WinGet\Packages\Schniz.fnm_Microsoft.Winget.Source_8wekyb3d8bbwe;C:\Users\Asus GK\Downloads\sqlmapproject-sqlmap-1.9.3-2-g6c108d9\sqlmapproject-sqlmap-6c108d9;C:\Users\Asus GK\Downloads\exiftool-13.27_64\exiftool-13.27_64;C:\Users\Asus GK\AppData\Roaming\npm;C:\Users\Asus GK\AppData\Local\Programs\cursor\resources\app\bin;C:\Program Files\Android\Android Studio\jbr\bin;;C:\Users\Asus GK\.lmstudio\bin;."/>
    <property name="java.vm.info" value="mixed mode, sharing"/>
    <property name="stderr.encoding" value="Cp1252"/>
    <property name="java.vendor" value="Oracle Corporation"/>
    <property name="java.vm.version" value="22.0.2+9-70"/>
    <property name="sun.io.unicode.encoding" value="UnicodeLittle"/>
    <property name="java.class.version" value="66.0"/>
  </properties>
</testsuite>